2023-08-22 01:45 - [START] - ****Start Code1 to run ********

2023-08-22 01:45 - [GLOBAL CONFIG] - 
{'dev_sample': 'train',
 'excludelist': ['ACCOUNT_NO', 'CUSTOMER_ID', 'DATE'],
 'random_seed': 12345,
 'target': 'DEF_OUTCOME',
 'target_type': 'binary',
 'val_samples': ['test', 'oot1', 'oot2'],
 'weight': 'wgt'}

2023-08-22 01:45 - [INFO] - lgd.csv has shape - Rows:2,545 | Columns:8
2023-08-22 01:45 - [INFO] - Description of the data lgd.csv
2023-08-22 01:45 - [INFO] - Data Description:               LTV  Recovery_rate     lgd_time   y_logistic         lnrr     Y_probit     purpose1        event
count  2545.000000    2545.000000  2545.000000  2545.000000  2545.000000  2545.000000  2545.000000  2545.000000
mean      0.676556       0.771870     0.228130    -3.941343    -0.996647    -1.650813     0.072692     0.713949
std       0.364127       0.329109     0.329109     6.073280     2.699960     2.304122     0.259681     0.452002
min       0.001359       0.000010     0.000010   -11.512915   -11.512925    -4.264891     0.000000     0.000000
25%       0.399181       0.602146     0.000010   -11.512915    -0.507256    -4.264891     0.000000     0.000000
50%       0.659417       0.967934     0.032066    -3.407383    -0.032591    -1.851268     0.000000     1.000000
75%       0.923548       0.999990     0.397854    -0.414414     0.000000    -0.258905     0.000000     1.000000
max       1.984065       0.999990     0.999990    11.512915     0.000000     4.264891     1.000000     1.000000
2023-08-22 01:45 - [END] - ***** Time taken : 00h:00m:00s*****

